**************************************************
Report         : passing_points

Reference      : REF:/WORK/SYS_TOP
Implementation : IMP:/WORK/SYS_TOP
Version        : L-2016.03-SP1
Date           : Mon Aug 26 19:55:07 2024
**************************************************

377 Passing compare points:

  Ref  DFF        REF:/WORK/SYS_TOP/ALU/ALU_OUT_reg[0]
  Impl DFF        IMP:/WORK/SYS_TOP/ALU/ALU_OUT_reg[0]

  Ref  DFF        REF:/WORK/SYS_TOP/ALU/ALU_OUT_reg[10]
  Impl DFF        IMP:/WORK/SYS_TOP/ALU/ALU_OUT_reg[10]

  Ref  DFF        REF:/WORK/SYS_TOP/ALU/ALU_OUT_reg[11]
  Impl DFF        IMP:/WORK/SYS_TOP/ALU/ALU_OUT_reg[11]

  Ref  DFF        REF:/WORK/SYS_TOP/ALU/ALU_OUT_reg[12]
  Impl DFF        IMP:/WORK/SYS_TOP/ALU/ALU_OUT_reg[12]

  Ref  DFF        REF:/WORK/SYS_TOP/ALU/ALU_OUT_reg[13]
  Impl DFF        IMP:/WORK/SYS_TOP/ALU/ALU_OUT_reg[13]

  Ref  DFF        REF:/WORK/SYS_TOP/ALU/ALU_OUT_reg[14]
  Impl DFF        IMP:/WORK/SYS_TOP/ALU/ALU_OUT_reg[14]

  Ref  DFF        REF:/WORK/SYS_TOP/ALU/ALU_OUT_reg[15]
  Impl DFF        IMP:/WORK/SYS_TOP/ALU/ALU_OUT_reg[15]

  Ref  DFF        REF:/WORK/SYS_TOP/ALU/ALU_OUT_reg[1]
  Impl DFF        IMP:/WORK/SYS_TOP/ALU/ALU_OUT_reg[1]

  Ref  DFF        REF:/WORK/SYS_TOP/ALU/ALU_OUT_reg[2]
  Impl DFF        IMP:/WORK/SYS_TOP/ALU/ALU_OUT_reg[2]

  Ref  DFF        REF:/WORK/SYS_TOP/ALU/ALU_OUT_reg[3]
  Impl DFF        IMP:/WORK/SYS_TOP/ALU/ALU_OUT_reg[3]

  Ref  DFF        REF:/WORK/SYS_TOP/ALU/ALU_OUT_reg[4]
  Impl DFF        IMP:/WORK/SYS_TOP/ALU/ALU_OUT_reg[4]

  Ref  DFF        REF:/WORK/SYS_TOP/ALU/ALU_OUT_reg[5]
  Impl DFF        IMP:/WORK/SYS_TOP/ALU/ALU_OUT_reg[5]

  Ref  DFF        REF:/WORK/SYS_TOP/ALU/ALU_OUT_reg[6]
  Impl DFF        IMP:/WORK/SYS_TOP/ALU/ALU_OUT_reg[6]

  Ref  DFF        REF:/WORK/SYS_TOP/ALU/ALU_OUT_reg[7]
  Impl DFF        IMP:/WORK/SYS_TOP/ALU/ALU_OUT_reg[7]

  Ref  DFF        REF:/WORK/SYS_TOP/ALU/ALU_OUT_reg[8]
  Impl DFF        IMP:/WORK/SYS_TOP/ALU/ALU_OUT_reg[8]

  Ref  DFF        REF:/WORK/SYS_TOP/ALU/ALU_OUT_reg[9]
  Impl DFF        IMP:/WORK/SYS_TOP/ALU/ALU_OUT_reg[9]

  Ref  DFF        REF:/WORK/SYS_TOP/ALU/OUT_VALID_reg
  Impl DFF        IMP:/WORK/SYS_TOP/ALU/OUT_VALID_reg

  Ref  DFF        REF:/WORK/SYS_TOP/CLK_DIV_1/counter_reg[0]
  Impl DFF        IMP:/WORK/SYS_TOP/CLK_DIV_1/counter_reg[0]

  Ref  DFF        REF:/WORK/SYS_TOP/CLK_DIV_1/counter_reg[1]
  Impl DFF        IMP:/WORK/SYS_TOP/CLK_DIV_1/counter_reg[1]

  Ref  DFF        REF:/WORK/SYS_TOP/CLK_DIV_1/counter_reg[2]
  Impl DFF        IMP:/WORK/SYS_TOP/CLK_DIV_1/counter_reg[2]

  Ref  DFF        REF:/WORK/SYS_TOP/CLK_DIV_1/counter_reg[3]
  Impl DFF        IMP:/WORK/SYS_TOP/CLK_DIV_1/counter_reg[3]

  Ref  DFF        REF:/WORK/SYS_TOP/CLK_DIV_1/counter_reg[4]
  Impl DFF        IMP:/WORK/SYS_TOP/CLK_DIV_1/counter_reg[4]

  Ref  DFF        REF:/WORK/SYS_TOP/CLK_DIV_1/counter_reg[5]
  Impl DFF        IMP:/WORK/SYS_TOP/CLK_DIV_1/counter_reg[5]

  Ref  DFF        REF:/WORK/SYS_TOP/CLK_DIV_1/counter_reg[6]
  Impl DFF        IMP:/WORK/SYS_TOP/CLK_DIV_1/counter_reg[6]

  Ref  DFF        REF:/WORK/SYS_TOP/CLK_DIV_1/counter_reg[7]
  Impl DFF        IMP:/WORK/SYS_TOP/CLK_DIV_1/counter_reg[7]

  Ref  DFF        REF:/WORK/SYS_TOP/CLK_DIV_1/div_clk_reg
  Impl DFF        IMP:/WORK/SYS_TOP/CLK_DIV_1/div_clk_reg

  Ref  DFF        REF:/WORK/SYS_TOP/CLK_DIV_1/flag_reg
  Impl DFF        IMP:/WORK/SYS_TOP/CLK_DIV_1/flag_reg

  Ref  DFF        REF:/WORK/SYS_TOP/CLK_DIV_2/counter_reg[0]
  Impl DFF        IMP:/WORK/SYS_TOP/CLK_DIV_2/counter_reg[0]

  Ref  DFF        REF:/WORK/SYS_TOP/CLK_DIV_2/counter_reg[1]
  Impl DFF        IMP:/WORK/SYS_TOP/CLK_DIV_2/counter_reg[1]

  Ref  DFF        REF:/WORK/SYS_TOP/CLK_DIV_2/counter_reg[2]
  Impl DFF        IMP:/WORK/SYS_TOP/CLK_DIV_2/counter_reg[2]

  Ref  DFF        REF:/WORK/SYS_TOP/CLK_DIV_2/counter_reg[3]
  Impl DFF        IMP:/WORK/SYS_TOP/CLK_DIV_2/counter_reg[3]

  Ref  DFF        REF:/WORK/SYS_TOP/CLK_DIV_2/counter_reg[4]
  Impl DFF        IMP:/WORK/SYS_TOP/CLK_DIV_2/counter_reg[4]

  Ref  DFF        REF:/WORK/SYS_TOP/CLK_DIV_2/counter_reg[5]
  Impl DFF        IMP:/WORK/SYS_TOP/CLK_DIV_2/counter_reg[5]

  Ref  DFF        REF:/WORK/SYS_TOP/CLK_DIV_2/counter_reg[6]
  Impl DFF        IMP:/WORK/SYS_TOP/CLK_DIV_2/counter_reg[6]

  Ref  DFF        REF:/WORK/SYS_TOP/CLK_DIV_2/counter_reg[7]
  Impl DFF        IMP:/WORK/SYS_TOP/CLK_DIV_2/counter_reg[7]

  Ref  DFF        REF:/WORK/SYS_TOP/CLK_DIV_2/div_clk_reg
  Impl DFF        IMP:/WORK/SYS_TOP/CLK_DIV_2/div_clk_reg

  Ref  DFF        REF:/WORK/SYS_TOP/CLK_DIV_2/flag_reg
  Impl DFF        IMP:/WORK/SYS_TOP/CLK_DIV_2/flag_reg

  Ref  LAT        REF:/WORK/SYS_TOP/CLK_GATE/latch_out_reg
  Impl LAT        IMP:/WORK/SYS_TOP/CLK_GATE/latch_out_reg

  Ref  DFF        REF:/WORK/SYS_TOP/DATA_SYNC/EN_PULSE_reg
  Impl DFF        IMP:/WORK/SYS_TOP/DATA_SYNC/EN_PULSE_reg

  Ref  DFF        REF:/WORK/SYS_TOP/DATA_SYNC/PULSE_GEN_OUT_reg
  Impl DFF        IMP:/WORK/SYS_TOP/DATA_SYNC/PULSE_GEN_OUT_reg

  Ref  DFF        REF:/WORK/SYS_TOP/DATA_SYNC/SYNC_BUS_EN_reg
  Impl DFF        IMP:/WORK/SYS_TOP/DATA_SYNC/SYNC_BUS_EN_reg

  Ref  DFF        REF:/WORK/SYS_TOP/DATA_SYNC/SYNC_BUS_reg[0]
  Impl DFF        IMP:/WORK/SYS_TOP/DATA_SYNC/SYNC_BUS_reg[0]

  Ref  DFF        REF:/WORK/SYS_TOP/DATA_SYNC/SYNC_BUS_reg[1]
  Impl DFF        IMP:/WORK/SYS_TOP/DATA_SYNC/SYNC_BUS_reg[1]

  Ref  DFF        REF:/WORK/SYS_TOP/DATA_SYNC/SYNC_BUS_reg[2]
  Impl DFF        IMP:/WORK/SYS_TOP/DATA_SYNC/SYNC_BUS_reg[2]

  Ref  DFF        REF:/WORK/SYS_TOP/DATA_SYNC/SYNC_BUS_reg[3]
  Impl DFF        IMP:/WORK/SYS_TOP/DATA_SYNC/SYNC_BUS_reg[3]

  Ref  DFF        REF:/WORK/SYS_TOP/DATA_SYNC/SYNC_BUS_reg[4]
  Impl DFF        IMP:/WORK/SYS_TOP/DATA_SYNC/SYNC_BUS_reg[4]

  Ref  DFF        REF:/WORK/SYS_TOP/DATA_SYNC/SYNC_BUS_reg[5]
  Impl DFF        IMP:/WORK/SYS_TOP/DATA_SYNC/SYNC_BUS_reg[5]

  Ref  DFF        REF:/WORK/SYS_TOP/DATA_SYNC/SYNC_BUS_reg[6]
  Impl DFF        IMP:/WORK/SYS_TOP/DATA_SYNC/SYNC_BUS_reg[6]

  Ref  DFF        REF:/WORK/SYS_TOP/DATA_SYNC/SYNC_BUS_reg[7]
  Impl DFF        IMP:/WORK/SYS_TOP/DATA_SYNC/SYNC_BUS_reg[7]

  Ref  DFF        REF:/WORK/SYS_TOP/DATA_SYNC/stages_reg[0]
  Impl DFF        IMP:/WORK/SYS_TOP/DATA_SYNC/stages_reg[0]

  Ref  DFF        REF:/WORK/SYS_TOP/DATA_SYNC/stages_reg[1]
  Impl DFF        IMP:/WORK/SYS_TOP/DATA_SYNC/stages_reg[1]

  Ref  DFF        REF:/WORK/SYS_TOP/FIFO/DUT0/REG_reg[0]
  Impl DFF        IMP:/WORK/SYS_TOP/FIFO/DUT0/REG_reg[0]

  Ref  DFF        REF:/WORK/SYS_TOP/FIFO/DUT0/REG_reg[1]
  Impl DFF        IMP:/WORK/SYS_TOP/FIFO/DUT0/REG_reg[1]

  Ref  DFF        REF:/WORK/SYS_TOP/FIFO/DUT0/REG_reg[2]
  Impl DFF        IMP:/WORK/SYS_TOP/FIFO/DUT0/REG_reg[2]

  Ref  DFF        REF:/WORK/SYS_TOP/FIFO/DUT0/REG_reg[3]
  Impl DFF        IMP:/WORK/SYS_TOP/FIFO/DUT0/REG_reg[3]

  Ref  DFF        REF:/WORK/SYS_TOP/FIFO/DUT0/SYNC_reg[0]
  Impl DFF        IMP:/WORK/SYS_TOP/FIFO/DUT0/SYNC_reg[0]

  Ref  DFF        REF:/WORK/SYS_TOP/FIFO/DUT0/SYNC_reg[1]
  Impl DFF        IMP:/WORK/SYS_TOP/FIFO/DUT0/SYNC_reg[1]

  Ref  DFF        REF:/WORK/SYS_TOP/FIFO/DUT0/SYNC_reg[2]
  Impl DFF        IMP:/WORK/SYS_TOP/FIFO/DUT0/SYNC_reg[2]

  Ref  DFF        REF:/WORK/SYS_TOP/FIFO/DUT0/SYNC_reg[3]
  Impl DFF        IMP:/WORK/SYS_TOP/FIFO/DUT0/SYNC_reg[3]

  Ref  DFF        REF:/WORK/SYS_TOP/FIFO/DUT2/WR_ADDR_reg[0]
  Impl DFF        IMP:/WORK/SYS_TOP/FIFO/DUT2/WR_ADDR_reg[0]

  Ref  DFF        REF:/WORK/SYS_TOP/FIFO/DUT2/WR_ADDR_reg[1]
  Impl DFF        IMP:/WORK/SYS_TOP/FIFO/DUT2/WR_ADDR_reg[1]

  Ref  DFF        REF:/WORK/SYS_TOP/FIFO/DUT2/WR_ADDR_reg[2]
  Impl DFF        IMP:/WORK/SYS_TOP/FIFO/DUT2/WR_ADDR_reg[2]

  Ref  DFF        REF:/WORK/SYS_TOP/FIFO/DUT2/WR_ADDR_reg[3]
  Impl DFF        IMP:/WORK/SYS_TOP/FIFO/DUT2/WR_ADDR_reg[3]

  Ref  DFF        REF:/WORK/SYS_TOP/FIFO/DUT2/WR_PTR_binary_reg[0]
  Impl DFF        IMP:/WORK/SYS_TOP/FIFO/DUT2/WR_PTR_binary_reg[0]

  Ref  DFF        REF:/WORK/SYS_TOP/FIFO/DUT2/WR_PTR_binary_reg[1]
  Impl DFF        IMP:/WORK/SYS_TOP/FIFO/DUT2/WR_PTR_binary_reg[1]

  Ref  DFF        REF:/WORK/SYS_TOP/FIFO/DUT2/WR_PTR_binary_reg[2]
  Impl DFF        IMP:/WORK/SYS_TOP/FIFO/DUT2/WR_PTR_binary_reg[2]

  Ref  DFF        REF:/WORK/SYS_TOP/FIFO/DUT2/WR_PTR_binary_reg[3]
  Impl DFF        IMP:/WORK/SYS_TOP/FIFO/DUT2/WR_PTR_binary_reg[3]

  Ref  DFF        REF:/WORK/SYS_TOP/FIFO/DUT2/WR_PTR_binary_reg[4]
  Impl DFF        IMP:/WORK/SYS_TOP/FIFO/DUT2/WR_PTR_binary_reg[4]

  Ref  DFF        REF:/WORK/SYS_TOP/FIFO/DUT2/WR_PTR_reg[0]
  Impl DFF        IMP:/WORK/SYS_TOP/FIFO/DUT2/WR_PTR_reg[0]

  Ref  DFF        REF:/WORK/SYS_TOP/FIFO/DUT2/WR_PTR_reg[1]
  Impl DFF        IMP:/WORK/SYS_TOP/FIFO/DUT2/WR_PTR_reg[1]

  Ref  DFF        REF:/WORK/SYS_TOP/FIFO/DUT2/WR_PTR_reg[2]
  Impl DFF        IMP:/WORK/SYS_TOP/FIFO/DUT2/WR_PTR_reg[2]

  Ref  DFF        REF:/WORK/SYS_TOP/FIFO/DUT2/WR_PTR_reg[3]
  Impl DFF        IMP:/WORK/SYS_TOP/FIFO/DUT2/WR_PTR_reg[3]

  Ref  DFF        REF:/WORK/SYS_TOP/FIFO/DUT3/RD_ADDR_reg[0]
  Impl DFF        IMP:/WORK/SYS_TOP/FIFO/DUT3/RD_ADDR_reg[0]

  Ref  DFF        REF:/WORK/SYS_TOP/FIFO/DUT3/RD_ADDR_reg[1]
  Impl DFF        IMP:/WORK/SYS_TOP/FIFO/DUT3/RD_ADDR_reg[1]

  Ref  DFF        REF:/WORK/SYS_TOP/FIFO/DUT3/RD_ADDR_reg[2]
  Impl DFF        IMP:/WORK/SYS_TOP/FIFO/DUT3/RD_ADDR_reg[2]

  Ref  DFF        REF:/WORK/SYS_TOP/FIFO/DUT3/RD_PTR_binary_reg[0]
  Impl DFF        IMP:/WORK/SYS_TOP/FIFO/DUT3/RD_PTR_binary_reg[0]

  Ref  DFF        REF:/WORK/SYS_TOP/FIFO/DUT3/RD_PTR_binary_reg[1]
  Impl DFF        IMP:/WORK/SYS_TOP/FIFO/DUT3/RD_PTR_binary_reg[1]

  Ref  DFF        REF:/WORK/SYS_TOP/FIFO/DUT3/RD_PTR_binary_reg[2]
  Impl DFF        IMP:/WORK/SYS_TOP/FIFO/DUT3/RD_PTR_binary_reg[2]

  Ref  DFF        REF:/WORK/SYS_TOP/FIFO/DUT3/RD_PTR_binary_reg[3]
  Impl DFF        IMP:/WORK/SYS_TOP/FIFO/DUT3/RD_PTR_binary_reg[3]

  Ref  DFF        REF:/WORK/SYS_TOP/FIFO/DUT3/RD_PTR_binary_reg[4]
  Impl DFF        IMP:/WORK/SYS_TOP/FIFO/DUT3/RD_PTR_binary_reg[4]

  Ref  DFF        REF:/WORK/SYS_TOP/FIFO/DUT3/RD_PTR_reg[0]
  Impl DFF        IMP:/WORK/SYS_TOP/FIFO/DUT3/RD_PTR_reg[0]

  Ref  DFF        REF:/WORK/SYS_TOP/FIFO/DUT3/RD_PTR_reg[1]
  Impl DFF        IMP:/WORK/SYS_TOP/FIFO/DUT3/RD_PTR_reg[1]

  Ref  DFF        REF:/WORK/SYS_TOP/FIFO/DUT3/RD_PTR_reg[2]
  Impl DFF        IMP:/WORK/SYS_TOP/FIFO/DUT3/RD_PTR_reg[2]

  Ref  DFF        REF:/WORK/SYS_TOP/FIFO/DUT3/RD_PTR_reg[3]
  Impl DFF        IMP:/WORK/SYS_TOP/FIFO/DUT3/RD_PTR_reg[3]

  Ref  DFF        REF:/WORK/SYS_TOP/FIFO/DUT4/MEM_reg[0][0]
  Impl DFF        IMP:/WORK/SYS_TOP/FIFO/DUT4/MEM_reg[0][0]

  Ref  DFF        REF:/WORK/SYS_TOP/FIFO/DUT4/MEM_reg[0][1]
  Impl DFF        IMP:/WORK/SYS_TOP/FIFO/DUT4/MEM_reg[0][1]

  Ref  DFF        REF:/WORK/SYS_TOP/FIFO/DUT4/MEM_reg[0][2]
  Impl DFF        IMP:/WORK/SYS_TOP/FIFO/DUT4/MEM_reg[0][2]

  Ref  DFF        REF:/WORK/SYS_TOP/FIFO/DUT4/MEM_reg[0][3]
  Impl DFF        IMP:/WORK/SYS_TOP/FIFO/DUT4/MEM_reg[0][3]

  Ref  DFF        REF:/WORK/SYS_TOP/FIFO/DUT4/MEM_reg[0][4]
  Impl DFF        IMP:/WORK/SYS_TOP/FIFO/DUT4/MEM_reg[0][4]

  Ref  DFF        REF:/WORK/SYS_TOP/FIFO/DUT4/MEM_reg[0][5]
  Impl DFF        IMP:/WORK/SYS_TOP/FIFO/DUT4/MEM_reg[0][5]

  Ref  DFF        REF:/WORK/SYS_TOP/FIFO/DUT4/MEM_reg[0][6]
  Impl DFF        IMP:/WORK/SYS_TOP/FIFO/DUT4/MEM_reg[0][6]

  Ref  DFF        REF:/WORK/SYS_TOP/FIFO/DUT4/MEM_reg[0][7]
  Impl DFF        IMP:/WORK/SYS_TOP/FIFO/DUT4/MEM_reg[0][7]

  Ref  DFF        REF:/WORK/SYS_TOP/FIFO/DUT4/MEM_reg[1][0]
  Impl DFF        IMP:/WORK/SYS_TOP/FIFO/DUT4/MEM_reg[1][0]

  Ref  DFF        REF:/WORK/SYS_TOP/FIFO/DUT4/MEM_reg[1][1]
  Impl DFF        IMP:/WORK/SYS_TOP/FIFO/DUT4/MEM_reg[1][1]

  Ref  DFF        REF:/WORK/SYS_TOP/FIFO/DUT4/MEM_reg[1][2]
  Impl DFF        IMP:/WORK/SYS_TOP/FIFO/DUT4/MEM_reg[1][2]

  Ref  DFF        REF:/WORK/SYS_TOP/FIFO/DUT4/MEM_reg[1][3]
  Impl DFF        IMP:/WORK/SYS_TOP/FIFO/DUT4/MEM_reg[1][3]

  Ref  DFF        REF:/WORK/SYS_TOP/FIFO/DUT4/MEM_reg[1][4]
  Impl DFF        IMP:/WORK/SYS_TOP/FIFO/DUT4/MEM_reg[1][4]

  Ref  DFF        REF:/WORK/SYS_TOP/FIFO/DUT4/MEM_reg[1][5]
  Impl DFF        IMP:/WORK/SYS_TOP/FIFO/DUT4/MEM_reg[1][5]

  Ref  DFF        REF:/WORK/SYS_TOP/FIFO/DUT4/MEM_reg[1][6]
  Impl DFF        IMP:/WORK/SYS_TOP/FIFO/DUT4/MEM_reg[1][6]

  Ref  DFF        REF:/WORK/SYS_TOP/FIFO/DUT4/MEM_reg[1][7]
  Impl DFF        IMP:/WORK/SYS_TOP/FIFO/DUT4/MEM_reg[1][7]

  Ref  DFF        REF:/WORK/SYS_TOP/FIFO/DUT4/MEM_reg[2][0]
  Impl DFF        IMP:/WORK/SYS_TOP/FIFO/DUT4/MEM_reg[2][0]

  Ref  DFF        REF:/WORK/SYS_TOP/FIFO/DUT4/MEM_reg[2][1]
  Impl DFF        IMP:/WORK/SYS_TOP/FIFO/DUT4/MEM_reg[2][1]

  Ref  DFF        REF:/WORK/SYS_TOP/FIFO/DUT4/MEM_reg[2][2]
  Impl DFF        IMP:/WORK/SYS_TOP/FIFO/DUT4/MEM_reg[2][2]

  Ref  DFF        REF:/WORK/SYS_TOP/FIFO/DUT4/MEM_reg[2][3]
  Impl DFF        IMP:/WORK/SYS_TOP/FIFO/DUT4/MEM_reg[2][3]

  Ref  DFF        REF:/WORK/SYS_TOP/FIFO/DUT4/MEM_reg[2][4]
  Impl DFF        IMP:/WORK/SYS_TOP/FIFO/DUT4/MEM_reg[2][4]

  Ref  DFF        REF:/WORK/SYS_TOP/FIFO/DUT4/MEM_reg[2][5]
  Impl DFF        IMP:/WORK/SYS_TOP/FIFO/DUT4/MEM_reg[2][5]

  Ref  DFF        REF:/WORK/SYS_TOP/FIFO/DUT4/MEM_reg[2][6]
  Impl DFF        IMP:/WORK/SYS_TOP/FIFO/DUT4/MEM_reg[2][6]

  Ref  DFF        REF:/WORK/SYS_TOP/FIFO/DUT4/MEM_reg[2][7]
  Impl DFF        IMP:/WORK/SYS_TOP/FIFO/DUT4/MEM_reg[2][7]

  Ref  DFF        REF:/WORK/SYS_TOP/FIFO/DUT4/MEM_reg[3][0]
  Impl DFF        IMP:/WORK/SYS_TOP/FIFO/DUT4/MEM_reg[3][0]

  Ref  DFF        REF:/WORK/SYS_TOP/FIFO/DUT4/MEM_reg[3][1]
  Impl DFF        IMP:/WORK/SYS_TOP/FIFO/DUT4/MEM_reg[3][1]

  Ref  DFF        REF:/WORK/SYS_TOP/FIFO/DUT4/MEM_reg[3][2]
  Impl DFF        IMP:/WORK/SYS_TOP/FIFO/DUT4/MEM_reg[3][2]

  Ref  DFF        REF:/WORK/SYS_TOP/FIFO/DUT4/MEM_reg[3][3]
  Impl DFF        IMP:/WORK/SYS_TOP/FIFO/DUT4/MEM_reg[3][3]

  Ref  DFF        REF:/WORK/SYS_TOP/FIFO/DUT4/MEM_reg[3][4]
  Impl DFF        IMP:/WORK/SYS_TOP/FIFO/DUT4/MEM_reg[3][4]

  Ref  DFF        REF:/WORK/SYS_TOP/FIFO/DUT4/MEM_reg[3][5]
  Impl DFF        IMP:/WORK/SYS_TOP/FIFO/DUT4/MEM_reg[3][5]

  Ref  DFF        REF:/WORK/SYS_TOP/FIFO/DUT4/MEM_reg[3][6]
  Impl DFF        IMP:/WORK/SYS_TOP/FIFO/DUT4/MEM_reg[3][6]

  Ref  DFF        REF:/WORK/SYS_TOP/FIFO/DUT4/MEM_reg[3][7]
  Impl DFF        IMP:/WORK/SYS_TOP/FIFO/DUT4/MEM_reg[3][7]

  Ref  DFF        REF:/WORK/SYS_TOP/FIFO/DUT4/MEM_reg[4][0]
  Impl DFF        IMP:/WORK/SYS_TOP/FIFO/DUT4/MEM_reg[4][0]

  Ref  DFF        REF:/WORK/SYS_TOP/FIFO/DUT4/MEM_reg[4][1]
  Impl DFF        IMP:/WORK/SYS_TOP/FIFO/DUT4/MEM_reg[4][1]

  Ref  DFF        REF:/WORK/SYS_TOP/FIFO/DUT4/MEM_reg[4][2]
  Impl DFF        IMP:/WORK/SYS_TOP/FIFO/DUT4/MEM_reg[4][2]

  Ref  DFF        REF:/WORK/SYS_TOP/FIFO/DUT4/MEM_reg[4][3]
  Impl DFF        IMP:/WORK/SYS_TOP/FIFO/DUT4/MEM_reg[4][3]

  Ref  DFF        REF:/WORK/SYS_TOP/FIFO/DUT4/MEM_reg[4][4]
  Impl DFF        IMP:/WORK/SYS_TOP/FIFO/DUT4/MEM_reg[4][4]

  Ref  DFF        REF:/WORK/SYS_TOP/FIFO/DUT4/MEM_reg[4][5]
  Impl DFF        IMP:/WORK/SYS_TOP/FIFO/DUT4/MEM_reg[4][5]

  Ref  DFF        REF:/WORK/SYS_TOP/FIFO/DUT4/MEM_reg[4][6]
  Impl DFF        IMP:/WORK/SYS_TOP/FIFO/DUT4/MEM_reg[4][6]

  Ref  DFF        REF:/WORK/SYS_TOP/FIFO/DUT4/MEM_reg[4][7]
  Impl DFF        IMP:/WORK/SYS_TOP/FIFO/DUT4/MEM_reg[4][7]

  Ref  DFF        REF:/WORK/SYS_TOP/FIFO/DUT4/MEM_reg[5][0]
  Impl DFF        IMP:/WORK/SYS_TOP/FIFO/DUT4/MEM_reg[5][0]

  Ref  DFF        REF:/WORK/SYS_TOP/FIFO/DUT4/MEM_reg[5][1]
  Impl DFF        IMP:/WORK/SYS_TOP/FIFO/DUT4/MEM_reg[5][1]

  Ref  DFF        REF:/WORK/SYS_TOP/FIFO/DUT4/MEM_reg[5][2]
  Impl DFF        IMP:/WORK/SYS_TOP/FIFO/DUT4/MEM_reg[5][2]

  Ref  DFF        REF:/WORK/SYS_TOP/FIFO/DUT4/MEM_reg[5][3]
  Impl DFF        IMP:/WORK/SYS_TOP/FIFO/DUT4/MEM_reg[5][3]

  Ref  DFF        REF:/WORK/SYS_TOP/FIFO/DUT4/MEM_reg[5][4]
  Impl DFF        IMP:/WORK/SYS_TOP/FIFO/DUT4/MEM_reg[5][4]

  Ref  DFF        REF:/WORK/SYS_TOP/FIFO/DUT4/MEM_reg[5][5]
  Impl DFF        IMP:/WORK/SYS_TOP/FIFO/DUT4/MEM_reg[5][5]

  Ref  DFF        REF:/WORK/SYS_TOP/FIFO/DUT4/MEM_reg[5][6]
  Impl DFF        IMP:/WORK/SYS_TOP/FIFO/DUT4/MEM_reg[5][6]

  Ref  DFF        REF:/WORK/SYS_TOP/FIFO/DUT4/MEM_reg[5][7]
  Impl DFF        IMP:/WORK/SYS_TOP/FIFO/DUT4/MEM_reg[5][7]

  Ref  DFF        REF:/WORK/SYS_TOP/FIFO/DUT4/MEM_reg[6][0]
  Impl DFF        IMP:/WORK/SYS_TOP/FIFO/DUT4/MEM_reg[6][0]

  Ref  DFF        REF:/WORK/SYS_TOP/FIFO/DUT4/MEM_reg[6][1]
  Impl DFF        IMP:/WORK/SYS_TOP/FIFO/DUT4/MEM_reg[6][1]

  Ref  DFF        REF:/WORK/SYS_TOP/FIFO/DUT4/MEM_reg[6][2]
  Impl DFF        IMP:/WORK/SYS_TOP/FIFO/DUT4/MEM_reg[6][2]

  Ref  DFF        REF:/WORK/SYS_TOP/FIFO/DUT4/MEM_reg[6][3]
  Impl DFF        IMP:/WORK/SYS_TOP/FIFO/DUT4/MEM_reg[6][3]

  Ref  DFF        REF:/WORK/SYS_TOP/FIFO/DUT4/MEM_reg[6][4]
  Impl DFF        IMP:/WORK/SYS_TOP/FIFO/DUT4/MEM_reg[6][4]

  Ref  DFF        REF:/WORK/SYS_TOP/FIFO/DUT4/MEM_reg[6][5]
  Impl DFF        IMP:/WORK/SYS_TOP/FIFO/DUT4/MEM_reg[6][5]

  Ref  DFF        REF:/WORK/SYS_TOP/FIFO/DUT4/MEM_reg[6][6]
  Impl DFF        IMP:/WORK/SYS_TOP/FIFO/DUT4/MEM_reg[6][6]

  Ref  DFF        REF:/WORK/SYS_TOP/FIFO/DUT4/MEM_reg[6][7]
  Impl DFF        IMP:/WORK/SYS_TOP/FIFO/DUT4/MEM_reg[6][7]

  Ref  DFF        REF:/WORK/SYS_TOP/FIFO/DUT4/MEM_reg[7][0]
  Impl DFF        IMP:/WORK/SYS_TOP/FIFO/DUT4/MEM_reg[7][0]

  Ref  DFF        REF:/WORK/SYS_TOP/FIFO/DUT4/MEM_reg[7][1]
  Impl DFF        IMP:/WORK/SYS_TOP/FIFO/DUT4/MEM_reg[7][1]

  Ref  DFF        REF:/WORK/SYS_TOP/FIFO/DUT4/MEM_reg[7][2]
  Impl DFF        IMP:/WORK/SYS_TOP/FIFO/DUT4/MEM_reg[7][2]

  Ref  DFF        REF:/WORK/SYS_TOP/FIFO/DUT4/MEM_reg[7][3]
  Impl DFF        IMP:/WORK/SYS_TOP/FIFO/DUT4/MEM_reg[7][3]

  Ref  DFF        REF:/WORK/SYS_TOP/FIFO/DUT4/MEM_reg[7][4]
  Impl DFF        IMP:/WORK/SYS_TOP/FIFO/DUT4/MEM_reg[7][4]

  Ref  DFF        REF:/WORK/SYS_TOP/FIFO/DUT4/MEM_reg[7][5]
  Impl DFF        IMP:/WORK/SYS_TOP/FIFO/DUT4/MEM_reg[7][5]

  Ref  DFF        REF:/WORK/SYS_TOP/FIFO/DUT4/MEM_reg[7][6]
  Impl DFF        IMP:/WORK/SYS_TOP/FIFO/DUT4/MEM_reg[7][6]

  Ref  DFF        REF:/WORK/SYS_TOP/FIFO/DUT4/MEM_reg[7][7]
  Impl DFF        IMP:/WORK/SYS_TOP/FIFO/DUT4/MEM_reg[7][7]

  Ref  DFF        REF:/WORK/SYS_TOP/PULSE_GEN/FLOP_IN_reg
  Impl DFF        IMP:/WORK/SYS_TOP/PULSE_GEN/FLOP_IN_reg

  Ref  DFF        REF:/WORK/SYS_TOP/PULSE_GEN/FLOP_OUT_reg
  Impl DFF        IMP:/WORK/SYS_TOP/PULSE_GEN/FLOP_OUT_reg

  Ref  DFF        REF:/WORK/SYS_TOP/RST_SYNC_1/SYNC_RST_reg
  Impl DFF        IMP:/WORK/SYS_TOP/RST_SYNC_1/SYNC_RST_reg

  Ref  DFF        REF:/WORK/SYS_TOP/RST_SYNC_1/stages_reg[0]
  Impl DFF        IMP:/WORK/SYS_TOP/RST_SYNC_1/stages_reg[0]

  Ref  DFF        REF:/WORK/SYS_TOP/RST_SYNC_1/stages_reg[1]
  Impl DFF        IMP:/WORK/SYS_TOP/RST_SYNC_1/stages_reg[1]

  Ref  DFF        REF:/WORK/SYS_TOP/RST_SYNC_2/SYNC_RST_reg
  Impl DFF        IMP:/WORK/SYS_TOP/RST_SYNC_2/SYNC_RST_reg

  Ref  DFF        REF:/WORK/SYS_TOP/RST_SYNC_2/stages_reg[0]
  Impl DFF        IMP:/WORK/SYS_TOP/RST_SYNC_2/stages_reg[0]

  Ref  DFF        REF:/WORK/SYS_TOP/RST_SYNC_2/stages_reg[1]
  Impl DFF        IMP:/WORK/SYS_TOP/RST_SYNC_2/stages_reg[1]

  Ref  DFF        REF:/WORK/SYS_TOP/Reg_file/RD_DATA_VALID_reg
  Impl DFF        IMP:/WORK/SYS_TOP/Reg_file/RD_DATA_VALID_reg

  Ref  DFF        REF:/WORK/SYS_TOP/Reg_file/RD_DATA_reg[0]
  Impl DFF        IMP:/WORK/SYS_TOP/Reg_file/RD_DATA_reg[0]

  Ref  DFF        REF:/WORK/SYS_TOP/Reg_file/RD_DATA_reg[1]
  Impl DFF        IMP:/WORK/SYS_TOP/Reg_file/RD_DATA_reg[1]

  Ref  DFF        REF:/WORK/SYS_TOP/Reg_file/RD_DATA_reg[2]
  Impl DFF        IMP:/WORK/SYS_TOP/Reg_file/RD_DATA_reg[2]

  Ref  DFF        REF:/WORK/SYS_TOP/Reg_file/RD_DATA_reg[3]
  Impl DFF        IMP:/WORK/SYS_TOP/Reg_file/RD_DATA_reg[3]

  Ref  DFF        REF:/WORK/SYS_TOP/Reg_file/RD_DATA_reg[4]
  Impl DFF        IMP:/WORK/SYS_TOP/Reg_file/RD_DATA_reg[4]

  Ref  DFF        REF:/WORK/SYS_TOP/Reg_file/RD_DATA_reg[5]
  Impl DFF        IMP:/WORK/SYS_TOP/Reg_file/RD_DATA_reg[5]

  Ref  DFF        REF:/WORK/SYS_TOP/Reg_file/RD_DATA_reg[6]
  Impl DFF        IMP:/WORK/SYS_TOP/Reg_file/RD_DATA_reg[6]

  Ref  DFF        REF:/WORK/SYS_TOP/Reg_file/RD_DATA_reg[7]
  Impl DFF        IMP:/WORK/SYS_TOP/Reg_file/RD_DATA_reg[7]

  Ref  DFF        REF:/WORK/SYS_TOP/Reg_file/REG_reg[0][0]
  Impl DFF        IMP:/WORK/SYS_TOP/Reg_file/REG_reg[0][0]

  Ref  DFF        REF:/WORK/SYS_TOP/Reg_file/REG_reg[0][1]
  Impl DFF        IMP:/WORK/SYS_TOP/Reg_file/REG_reg[0][1]

  Ref  DFF        REF:/WORK/SYS_TOP/Reg_file/REG_reg[0][2]
  Impl DFF        IMP:/WORK/SYS_TOP/Reg_file/REG_reg[0][2]

  Ref  DFF        REF:/WORK/SYS_TOP/Reg_file/REG_reg[0][3]
  Impl DFF        IMP:/WORK/SYS_TOP/Reg_file/REG_reg[0][3]

  Ref  DFF        REF:/WORK/SYS_TOP/Reg_file/REG_reg[0][4]
  Impl DFF        IMP:/WORK/SYS_TOP/Reg_file/REG_reg[0][4]

  Ref  DFF        REF:/WORK/SYS_TOP/Reg_file/REG_reg[0][5]
  Impl DFF        IMP:/WORK/SYS_TOP/Reg_file/REG_reg[0][5]

  Ref  DFF        REF:/WORK/SYS_TOP/Reg_file/REG_reg[0][6]
  Impl DFF        IMP:/WORK/SYS_TOP/Reg_file/REG_reg[0][6]

  Ref  DFF        REF:/WORK/SYS_TOP/Reg_file/REG_reg[0][7]
  Impl DFF        IMP:/WORK/SYS_TOP/Reg_file/REG_reg[0][7]

  Ref  DFF        REF:/WORK/SYS_TOP/Reg_file/REG_reg[10][0]
  Impl DFF        IMP:/WORK/SYS_TOP/Reg_file/REG_reg[10][0]

  Ref  DFF        REF:/WORK/SYS_TOP/Reg_file/REG_reg[10][1]
  Impl DFF        IMP:/WORK/SYS_TOP/Reg_file/REG_reg[10][1]

  Ref  DFF        REF:/WORK/SYS_TOP/Reg_file/REG_reg[10][2]
  Impl DFF        IMP:/WORK/SYS_TOP/Reg_file/REG_reg[10][2]

  Ref  DFF        REF:/WORK/SYS_TOP/Reg_file/REG_reg[10][3]
  Impl DFF        IMP:/WORK/SYS_TOP/Reg_file/REG_reg[10][3]

  Ref  DFF        REF:/WORK/SYS_TOP/Reg_file/REG_reg[10][4]
  Impl DFF        IMP:/WORK/SYS_TOP/Reg_file/REG_reg[10][4]

  Ref  DFF        REF:/WORK/SYS_TOP/Reg_file/REG_reg[10][5]
  Impl DFF        IMP:/WORK/SYS_TOP/Reg_file/REG_reg[10][5]

  Ref  DFF        REF:/WORK/SYS_TOP/Reg_file/REG_reg[10][6]
  Impl DFF        IMP:/WORK/SYS_TOP/Reg_file/REG_reg[10][6]

  Ref  DFF        REF:/WORK/SYS_TOP/Reg_file/REG_reg[10][7]
  Impl DFF        IMP:/WORK/SYS_TOP/Reg_file/REG_reg[10][7]

  Ref  DFF        REF:/WORK/SYS_TOP/Reg_file/REG_reg[11][0]
  Impl DFF        IMP:/WORK/SYS_TOP/Reg_file/REG_reg[11][0]

  Ref  DFF        REF:/WORK/SYS_TOP/Reg_file/REG_reg[11][1]
  Impl DFF        IMP:/WORK/SYS_TOP/Reg_file/REG_reg[11][1]

  Ref  DFF        REF:/WORK/SYS_TOP/Reg_file/REG_reg[11][2]
  Impl DFF        IMP:/WORK/SYS_TOP/Reg_file/REG_reg[11][2]

  Ref  DFF        REF:/WORK/SYS_TOP/Reg_file/REG_reg[11][3]
  Impl DFF        IMP:/WORK/SYS_TOP/Reg_file/REG_reg[11][3]

  Ref  DFF        REF:/WORK/SYS_TOP/Reg_file/REG_reg[11][4]
  Impl DFF        IMP:/WORK/SYS_TOP/Reg_file/REG_reg[11][4]

  Ref  DFF        REF:/WORK/SYS_TOP/Reg_file/REG_reg[11][5]
  Impl DFF        IMP:/WORK/SYS_TOP/Reg_file/REG_reg[11][5]

  Ref  DFF        REF:/WORK/SYS_TOP/Reg_file/REG_reg[11][6]
  Impl DFF        IMP:/WORK/SYS_TOP/Reg_file/REG_reg[11][6]

  Ref  DFF        REF:/WORK/SYS_TOP/Reg_file/REG_reg[11][7]
  Impl DFF        IMP:/WORK/SYS_TOP/Reg_file/REG_reg[11][7]

  Ref  DFF        REF:/WORK/SYS_TOP/Reg_file/REG_reg[12][0]
  Impl DFF        IMP:/WORK/SYS_TOP/Reg_file/REG_reg[12][0]

  Ref  DFF        REF:/WORK/SYS_TOP/Reg_file/REG_reg[12][1]
  Impl DFF        IMP:/WORK/SYS_TOP/Reg_file/REG_reg[12][1]

  Ref  DFF        REF:/WORK/SYS_TOP/Reg_file/REG_reg[12][2]
  Impl DFF        IMP:/WORK/SYS_TOP/Reg_file/REG_reg[12][2]

  Ref  DFF        REF:/WORK/SYS_TOP/Reg_file/REG_reg[12][3]
  Impl DFF        IMP:/WORK/SYS_TOP/Reg_file/REG_reg[12][3]

  Ref  DFF        REF:/WORK/SYS_TOP/Reg_file/REG_reg[12][4]
  Impl DFF        IMP:/WORK/SYS_TOP/Reg_file/REG_reg[12][4]

  Ref  DFF        REF:/WORK/SYS_TOP/Reg_file/REG_reg[12][5]
  Impl DFF        IMP:/WORK/SYS_TOP/Reg_file/REG_reg[12][5]

  Ref  DFF        REF:/WORK/SYS_TOP/Reg_file/REG_reg[12][6]
  Impl DFF        IMP:/WORK/SYS_TOP/Reg_file/REG_reg[12][6]

  Ref  DFF        REF:/WORK/SYS_TOP/Reg_file/REG_reg[12][7]
  Impl DFF        IMP:/WORK/SYS_TOP/Reg_file/REG_reg[12][7]

  Ref  DFF        REF:/WORK/SYS_TOP/Reg_file/REG_reg[13][0]
  Impl DFF        IMP:/WORK/SYS_TOP/Reg_file/REG_reg[13][0]

  Ref  DFF        REF:/WORK/SYS_TOP/Reg_file/REG_reg[13][1]
  Impl DFF        IMP:/WORK/SYS_TOP/Reg_file/REG_reg[13][1]

  Ref  DFF        REF:/WORK/SYS_TOP/Reg_file/REG_reg[13][2]
  Impl DFF        IMP:/WORK/SYS_TOP/Reg_file/REG_reg[13][2]

  Ref  DFF        REF:/WORK/SYS_TOP/Reg_file/REG_reg[13][3]
  Impl DFF        IMP:/WORK/SYS_TOP/Reg_file/REG_reg[13][3]

  Ref  DFF        REF:/WORK/SYS_TOP/Reg_file/REG_reg[13][4]
  Impl DFF        IMP:/WORK/SYS_TOP/Reg_file/REG_reg[13][4]

  Ref  DFF        REF:/WORK/SYS_TOP/Reg_file/REG_reg[13][5]
  Impl DFF        IMP:/WORK/SYS_TOP/Reg_file/REG_reg[13][5]

  Ref  DFF        REF:/WORK/SYS_TOP/Reg_file/REG_reg[13][6]
  Impl DFF        IMP:/WORK/SYS_TOP/Reg_file/REG_reg[13][6]

  Ref  DFF        REF:/WORK/SYS_TOP/Reg_file/REG_reg[13][7]
  Impl DFF        IMP:/WORK/SYS_TOP/Reg_file/REG_reg[13][7]

  Ref  DFF        REF:/WORK/SYS_TOP/Reg_file/REG_reg[14][0]
  Impl DFF        IMP:/WORK/SYS_TOP/Reg_file/REG_reg[14][0]

  Ref  DFF        REF:/WORK/SYS_TOP/Reg_file/REG_reg[14][1]
  Impl DFF        IMP:/WORK/SYS_TOP/Reg_file/REG_reg[14][1]

  Ref  DFF        REF:/WORK/SYS_TOP/Reg_file/REG_reg[14][2]
  Impl DFF        IMP:/WORK/SYS_TOP/Reg_file/REG_reg[14][2]

  Ref  DFF        REF:/WORK/SYS_TOP/Reg_file/REG_reg[14][3]
  Impl DFF        IMP:/WORK/SYS_TOP/Reg_file/REG_reg[14][3]

  Ref  DFF        REF:/WORK/SYS_TOP/Reg_file/REG_reg[14][4]
  Impl DFF        IMP:/WORK/SYS_TOP/Reg_file/REG_reg[14][4]

  Ref  DFF        REF:/WORK/SYS_TOP/Reg_file/REG_reg[14][5]
  Impl DFF        IMP:/WORK/SYS_TOP/Reg_file/REG_reg[14][5]

  Ref  DFF        REF:/WORK/SYS_TOP/Reg_file/REG_reg[14][6]
  Impl DFF        IMP:/WORK/SYS_TOP/Reg_file/REG_reg[14][6]

  Ref  DFF        REF:/WORK/SYS_TOP/Reg_file/REG_reg[14][7]
  Impl DFF        IMP:/WORK/SYS_TOP/Reg_file/REG_reg[14][7]

  Ref  DFF        REF:/WORK/SYS_TOP/Reg_file/REG_reg[15][0]
  Impl DFF        IMP:/WORK/SYS_TOP/Reg_file/REG_reg[15][0]

  Ref  DFF        REF:/WORK/SYS_TOP/Reg_file/REG_reg[15][1]
  Impl DFF        IMP:/WORK/SYS_TOP/Reg_file/REG_reg[15][1]

  Ref  DFF        REF:/WORK/SYS_TOP/Reg_file/REG_reg[15][2]
  Impl DFF        IMP:/WORK/SYS_TOP/Reg_file/REG_reg[15][2]

  Ref  DFF        REF:/WORK/SYS_TOP/Reg_file/REG_reg[15][3]
  Impl DFF        IMP:/WORK/SYS_TOP/Reg_file/REG_reg[15][3]

  Ref  DFF        REF:/WORK/SYS_TOP/Reg_file/REG_reg[15][4]
  Impl DFF        IMP:/WORK/SYS_TOP/Reg_file/REG_reg[15][4]

  Ref  DFF        REF:/WORK/SYS_TOP/Reg_file/REG_reg[15][5]
  Impl DFF        IMP:/WORK/SYS_TOP/Reg_file/REG_reg[15][5]

  Ref  DFF        REF:/WORK/SYS_TOP/Reg_file/REG_reg[15][6]
  Impl DFF        IMP:/WORK/SYS_TOP/Reg_file/REG_reg[15][6]

  Ref  DFF        REF:/WORK/SYS_TOP/Reg_file/REG_reg[15][7]
  Impl DFF        IMP:/WORK/SYS_TOP/Reg_file/REG_reg[15][7]

  Ref  DFF        REF:/WORK/SYS_TOP/Reg_file/REG_reg[1][0]
  Impl DFF        IMP:/WORK/SYS_TOP/Reg_file/REG_reg[1][0]

  Ref  DFF        REF:/WORK/SYS_TOP/Reg_file/REG_reg[1][1]
  Impl DFF        IMP:/WORK/SYS_TOP/Reg_file/REG_reg[1][1]

  Ref  DFF        REF:/WORK/SYS_TOP/Reg_file/REG_reg[1][2]
  Impl DFF        IMP:/WORK/SYS_TOP/Reg_file/REG_reg[1][2]

  Ref  DFF        REF:/WORK/SYS_TOP/Reg_file/REG_reg[1][3]
  Impl DFF        IMP:/WORK/SYS_TOP/Reg_file/REG_reg[1][3]

  Ref  DFF        REF:/WORK/SYS_TOP/Reg_file/REG_reg[1][4]
  Impl DFF        IMP:/WORK/SYS_TOP/Reg_file/REG_reg[1][4]

  Ref  DFF        REF:/WORK/SYS_TOP/Reg_file/REG_reg[1][5]
  Impl DFF        IMP:/WORK/SYS_TOP/Reg_file/REG_reg[1][5]

  Ref  DFF        REF:/WORK/SYS_TOP/Reg_file/REG_reg[1][6]
  Impl DFF        IMP:/WORK/SYS_TOP/Reg_file/REG_reg[1][6]

  Ref  DFF        REF:/WORK/SYS_TOP/Reg_file/REG_reg[1][7]
  Impl DFF        IMP:/WORK/SYS_TOP/Reg_file/REG_reg[1][7]

  Ref  DFF        REF:/WORK/SYS_TOP/Reg_file/REG_reg[2][0]
  Impl DFF        IMP:/WORK/SYS_TOP/Reg_file/REG_reg[2][0]

  Ref  DFF        REF:/WORK/SYS_TOP/Reg_file/REG_reg[2][1]
  Impl DFF        IMP:/WORK/SYS_TOP/Reg_file/REG_reg[2][1]

  Ref  DFF        REF:/WORK/SYS_TOP/Reg_file/REG_reg[2][2]
  Impl DFF        IMP:/WORK/SYS_TOP/Reg_file/REG_reg[2][2]

  Ref  DFF        REF:/WORK/SYS_TOP/Reg_file/REG_reg[2][3]
  Impl DFF        IMP:/WORK/SYS_TOP/Reg_file/REG_reg[2][3]

  Ref  DFF        REF:/WORK/SYS_TOP/Reg_file/REG_reg[2][4]
  Impl DFF        IMP:/WORK/SYS_TOP/Reg_file/REG_reg[2][4]

  Ref  DFF        REF:/WORK/SYS_TOP/Reg_file/REG_reg[2][5]
  Impl DFF        IMP:/WORK/SYS_TOP/Reg_file/REG_reg[2][5]

  Ref  DFF        REF:/WORK/SYS_TOP/Reg_file/REG_reg[2][6]
  Impl DFF        IMP:/WORK/SYS_TOP/Reg_file/REG_reg[2][6]

  Ref  DFF        REF:/WORK/SYS_TOP/Reg_file/REG_reg[2][7]
  Impl DFF        IMP:/WORK/SYS_TOP/Reg_file/REG_reg[2][7]

  Ref  DFF        REF:/WORK/SYS_TOP/Reg_file/REG_reg[3][0]
  Impl DFF        IMP:/WORK/SYS_TOP/Reg_file/REG_reg[3][0]

  Ref  DFF        REF:/WORK/SYS_TOP/Reg_file/REG_reg[3][1]
  Impl DFF        IMP:/WORK/SYS_TOP/Reg_file/REG_reg[3][1]

  Ref  DFF        REF:/WORK/SYS_TOP/Reg_file/REG_reg[3][2]
  Impl DFF        IMP:/WORK/SYS_TOP/Reg_file/REG_reg[3][2]

  Ref  DFF        REF:/WORK/SYS_TOP/Reg_file/REG_reg[3][3]
  Impl DFF        IMP:/WORK/SYS_TOP/Reg_file/REG_reg[3][3]

  Ref  DFF        REF:/WORK/SYS_TOP/Reg_file/REG_reg[3][4]
  Impl DFF        IMP:/WORK/SYS_TOP/Reg_file/REG_reg[3][4]

  Ref  DFF        REF:/WORK/SYS_TOP/Reg_file/REG_reg[3][5]
  Impl DFF        IMP:/WORK/SYS_TOP/Reg_file/REG_reg[3][5]

  Ref  DFF        REF:/WORK/SYS_TOP/Reg_file/REG_reg[3][6]
  Impl DFF        IMP:/WORK/SYS_TOP/Reg_file/REG_reg[3][6]

  Ref  DFF        REF:/WORK/SYS_TOP/Reg_file/REG_reg[3][7]
  Impl DFF        IMP:/WORK/SYS_TOP/Reg_file/REG_reg[3][7]

  Ref  DFF        REF:/WORK/SYS_TOP/Reg_file/REG_reg[4][0]
  Impl DFF        IMP:/WORK/SYS_TOP/Reg_file/REG_reg[4][0]

  Ref  DFF        REF:/WORK/SYS_TOP/Reg_file/REG_reg[4][1]
  Impl DFF        IMP:/WORK/SYS_TOP/Reg_file/REG_reg[4][1]

  Ref  DFF        REF:/WORK/SYS_TOP/Reg_file/REG_reg[4][2]
  Impl DFF        IMP:/WORK/SYS_TOP/Reg_file/REG_reg[4][2]

  Ref  DFF        REF:/WORK/SYS_TOP/Reg_file/REG_reg[4][3]
  Impl DFF        IMP:/WORK/SYS_TOP/Reg_file/REG_reg[4][3]

  Ref  DFF        REF:/WORK/SYS_TOP/Reg_file/REG_reg[4][4]
  Impl DFF        IMP:/WORK/SYS_TOP/Reg_file/REG_reg[4][4]

  Ref  DFF        REF:/WORK/SYS_TOP/Reg_file/REG_reg[4][5]
  Impl DFF        IMP:/WORK/SYS_TOP/Reg_file/REG_reg[4][5]

  Ref  DFF        REF:/WORK/SYS_TOP/Reg_file/REG_reg[4][6]
  Impl DFF        IMP:/WORK/SYS_TOP/Reg_file/REG_reg[4][6]

  Ref  DFF        REF:/WORK/SYS_TOP/Reg_file/REG_reg[4][7]
  Impl DFF        IMP:/WORK/SYS_TOP/Reg_file/REG_reg[4][7]

  Ref  DFF        REF:/WORK/SYS_TOP/Reg_file/REG_reg[5][0]
  Impl DFF        IMP:/WORK/SYS_TOP/Reg_file/REG_reg[5][0]

  Ref  DFF        REF:/WORK/SYS_TOP/Reg_file/REG_reg[5][1]
  Impl DFF        IMP:/WORK/SYS_TOP/Reg_file/REG_reg[5][1]

  Ref  DFF        REF:/WORK/SYS_TOP/Reg_file/REG_reg[5][2]
  Impl DFF        IMP:/WORK/SYS_TOP/Reg_file/REG_reg[5][2]

  Ref  DFF        REF:/WORK/SYS_TOP/Reg_file/REG_reg[5][3]
  Impl DFF        IMP:/WORK/SYS_TOP/Reg_file/REG_reg[5][3]

  Ref  DFF        REF:/WORK/SYS_TOP/Reg_file/REG_reg[5][4]
  Impl DFF        IMP:/WORK/SYS_TOP/Reg_file/REG_reg[5][4]

  Ref  DFF        REF:/WORK/SYS_TOP/Reg_file/REG_reg[5][5]
  Impl DFF        IMP:/WORK/SYS_TOP/Reg_file/REG_reg[5][5]

  Ref  DFF        REF:/WORK/SYS_TOP/Reg_file/REG_reg[5][6]
  Impl DFF        IMP:/WORK/SYS_TOP/Reg_file/REG_reg[5][6]

  Ref  DFF        REF:/WORK/SYS_TOP/Reg_file/REG_reg[5][7]
  Impl DFF        IMP:/WORK/SYS_TOP/Reg_file/REG_reg[5][7]

  Ref  DFF        REF:/WORK/SYS_TOP/Reg_file/REG_reg[6][0]
  Impl DFF        IMP:/WORK/SYS_TOP/Reg_file/REG_reg[6][0]

  Ref  DFF        REF:/WORK/SYS_TOP/Reg_file/REG_reg[6][1]
  Impl DFF        IMP:/WORK/SYS_TOP/Reg_file/REG_reg[6][1]

  Ref  DFF        REF:/WORK/SYS_TOP/Reg_file/REG_reg[6][2]
  Impl DFF        IMP:/WORK/SYS_TOP/Reg_file/REG_reg[6][2]

  Ref  DFF        REF:/WORK/SYS_TOP/Reg_file/REG_reg[6][3]
  Impl DFF        IMP:/WORK/SYS_TOP/Reg_file/REG_reg[6][3]

  Ref  DFF        REF:/WORK/SYS_TOP/Reg_file/REG_reg[6][4]
  Impl DFF        IMP:/WORK/SYS_TOP/Reg_file/REG_reg[6][4]

  Ref  DFF        REF:/WORK/SYS_TOP/Reg_file/REG_reg[6][5]
  Impl DFF        IMP:/WORK/SYS_TOP/Reg_file/REG_reg[6][5]

  Ref  DFF        REF:/WORK/SYS_TOP/Reg_file/REG_reg[6][6]
  Impl DFF        IMP:/WORK/SYS_TOP/Reg_file/REG_reg[6][6]

  Ref  DFF        REF:/WORK/SYS_TOP/Reg_file/REG_reg[6][7]
  Impl DFF        IMP:/WORK/SYS_TOP/Reg_file/REG_reg[6][7]

  Ref  DFF        REF:/WORK/SYS_TOP/Reg_file/REG_reg[7][0]
  Impl DFF        IMP:/WORK/SYS_TOP/Reg_file/REG_reg[7][0]

  Ref  DFF        REF:/WORK/SYS_TOP/Reg_file/REG_reg[7][1]
  Impl DFF        IMP:/WORK/SYS_TOP/Reg_file/REG_reg[7][1]

  Ref  DFF        REF:/WORK/SYS_TOP/Reg_file/REG_reg[7][2]
  Impl DFF        IMP:/WORK/SYS_TOP/Reg_file/REG_reg[7][2]

  Ref  DFF        REF:/WORK/SYS_TOP/Reg_file/REG_reg[7][3]
  Impl DFF        IMP:/WORK/SYS_TOP/Reg_file/REG_reg[7][3]

  Ref  DFF        REF:/WORK/SYS_TOP/Reg_file/REG_reg[7][4]
  Impl DFF        IMP:/WORK/SYS_TOP/Reg_file/REG_reg[7][4]

  Ref  DFF        REF:/WORK/SYS_TOP/Reg_file/REG_reg[7][5]
  Impl DFF        IMP:/WORK/SYS_TOP/Reg_file/REG_reg[7][5]

  Ref  DFF        REF:/WORK/SYS_TOP/Reg_file/REG_reg[7][6]
  Impl DFF        IMP:/WORK/SYS_TOP/Reg_file/REG_reg[7][6]

  Ref  DFF        REF:/WORK/SYS_TOP/Reg_file/REG_reg[7][7]
  Impl DFF        IMP:/WORK/SYS_TOP/Reg_file/REG_reg[7][7]

  Ref  DFF        REF:/WORK/SYS_TOP/Reg_file/REG_reg[8][0]
  Impl DFF        IMP:/WORK/SYS_TOP/Reg_file/REG_reg[8][0]

  Ref  DFF        REF:/WORK/SYS_TOP/Reg_file/REG_reg[8][1]
  Impl DFF        IMP:/WORK/SYS_TOP/Reg_file/REG_reg[8][1]

  Ref  DFF        REF:/WORK/SYS_TOP/Reg_file/REG_reg[8][2]
  Impl DFF        IMP:/WORK/SYS_TOP/Reg_file/REG_reg[8][2]

  Ref  DFF        REF:/WORK/SYS_TOP/Reg_file/REG_reg[8][3]
  Impl DFF        IMP:/WORK/SYS_TOP/Reg_file/REG_reg[8][3]

  Ref  DFF        REF:/WORK/SYS_TOP/Reg_file/REG_reg[8][4]
  Impl DFF        IMP:/WORK/SYS_TOP/Reg_file/REG_reg[8][4]

  Ref  DFF        REF:/WORK/SYS_TOP/Reg_file/REG_reg[8][5]
  Impl DFF        IMP:/WORK/SYS_TOP/Reg_file/REG_reg[8][5]

  Ref  DFF        REF:/WORK/SYS_TOP/Reg_file/REG_reg[8][6]
  Impl DFF        IMP:/WORK/SYS_TOP/Reg_file/REG_reg[8][6]

  Ref  DFF        REF:/WORK/SYS_TOP/Reg_file/REG_reg[8][7]
  Impl DFF        IMP:/WORK/SYS_TOP/Reg_file/REG_reg[8][7]

  Ref  DFF        REF:/WORK/SYS_TOP/Reg_file/REG_reg[9][0]
  Impl DFF        IMP:/WORK/SYS_TOP/Reg_file/REG_reg[9][0]

  Ref  DFF        REF:/WORK/SYS_TOP/Reg_file/REG_reg[9][1]
  Impl DFF        IMP:/WORK/SYS_TOP/Reg_file/REG_reg[9][1]

  Ref  DFF        REF:/WORK/SYS_TOP/Reg_file/REG_reg[9][2]
  Impl DFF        IMP:/WORK/SYS_TOP/Reg_file/REG_reg[9][2]

  Ref  DFF        REF:/WORK/SYS_TOP/Reg_file/REG_reg[9][3]
  Impl DFF        IMP:/WORK/SYS_TOP/Reg_file/REG_reg[9][3]

  Ref  DFF        REF:/WORK/SYS_TOP/Reg_file/REG_reg[9][4]
  Impl DFF        IMP:/WORK/SYS_TOP/Reg_file/REG_reg[9][4]

  Ref  DFF        REF:/WORK/SYS_TOP/Reg_file/REG_reg[9][5]
  Impl DFF        IMP:/WORK/SYS_TOP/Reg_file/REG_reg[9][5]

  Ref  DFF        REF:/WORK/SYS_TOP/Reg_file/REG_reg[9][6]
  Impl DFF        IMP:/WORK/SYS_TOP/Reg_file/REG_reg[9][6]

  Ref  DFF        REF:/WORK/SYS_TOP/Reg_file/REG_reg[9][7]
  Impl DFF        IMP:/WORK/SYS_TOP/Reg_file/REG_reg[9][7]

  Ref  DFF        REF:/WORK/SYS_TOP/SYS_CTRL/ADDRESS_REG_reg[0]
  Impl DFF        IMP:/WORK/SYS_TOP/SYS_CTRL/ADDRESS_REG_reg[0]

  Ref  DFF        REF:/WORK/SYS_TOP/SYS_CTRL/ADDRESS_REG_reg[1]
  Impl DFF        IMP:/WORK/SYS_TOP/SYS_CTRL/ADDRESS_REG_reg[1]

  Ref  DFF        REF:/WORK/SYS_TOP/SYS_CTRL/ADDRESS_REG_reg[2]
  Impl DFF        IMP:/WORK/SYS_TOP/SYS_CTRL/ADDRESS_REG_reg[2]

  Ref  DFF        REF:/WORK/SYS_TOP/SYS_CTRL/ADDRESS_REG_reg[3]
  Impl DFF        IMP:/WORK/SYS_TOP/SYS_CTRL/ADDRESS_REG_reg[3]

  Ref  DFF        REF:/WORK/SYS_TOP/SYS_CTRL/ALU_OUT_REG_reg[0]
  Impl DFF        IMP:/WORK/SYS_TOP/SYS_CTRL/ALU_OUT_REG_reg[0]

  Ref  DFF        REF:/WORK/SYS_TOP/SYS_CTRL/ALU_OUT_REG_reg[10]
  Impl DFF        IMP:/WORK/SYS_TOP/SYS_CTRL/ALU_OUT_REG_reg[10]

  Ref  DFF        REF:/WORK/SYS_TOP/SYS_CTRL/ALU_OUT_REG_reg[11]
  Impl DFF        IMP:/WORK/SYS_TOP/SYS_CTRL/ALU_OUT_REG_reg[11]

  Ref  DFF        REF:/WORK/SYS_TOP/SYS_CTRL/ALU_OUT_REG_reg[12]
  Impl DFF        IMP:/WORK/SYS_TOP/SYS_CTRL/ALU_OUT_REG_reg[12]

  Ref  DFF        REF:/WORK/SYS_TOP/SYS_CTRL/ALU_OUT_REG_reg[13]
  Impl DFF        IMP:/WORK/SYS_TOP/SYS_CTRL/ALU_OUT_REG_reg[13]

  Ref  DFF        REF:/WORK/SYS_TOP/SYS_CTRL/ALU_OUT_REG_reg[14]
  Impl DFF        IMP:/WORK/SYS_TOP/SYS_CTRL/ALU_OUT_REG_reg[14]

  Ref  DFF        REF:/WORK/SYS_TOP/SYS_CTRL/ALU_OUT_REG_reg[15]
  Impl DFF        IMP:/WORK/SYS_TOP/SYS_CTRL/ALU_OUT_REG_reg[15]

  Ref  DFF        REF:/WORK/SYS_TOP/SYS_CTRL/ALU_OUT_REG_reg[1]
  Impl DFF        IMP:/WORK/SYS_TOP/SYS_CTRL/ALU_OUT_REG_reg[1]

  Ref  DFF        REF:/WORK/SYS_TOP/SYS_CTRL/ALU_OUT_REG_reg[2]
  Impl DFF        IMP:/WORK/SYS_TOP/SYS_CTRL/ALU_OUT_REG_reg[2]

  Ref  DFF        REF:/WORK/SYS_TOP/SYS_CTRL/ALU_OUT_REG_reg[3]
  Impl DFF        IMP:/WORK/SYS_TOP/SYS_CTRL/ALU_OUT_REG_reg[3]

  Ref  DFF        REF:/WORK/SYS_TOP/SYS_CTRL/ALU_OUT_REG_reg[4]
  Impl DFF        IMP:/WORK/SYS_TOP/SYS_CTRL/ALU_OUT_REG_reg[4]

  Ref  DFF        REF:/WORK/SYS_TOP/SYS_CTRL/ALU_OUT_REG_reg[5]
  Impl DFF        IMP:/WORK/SYS_TOP/SYS_CTRL/ALU_OUT_REG_reg[5]

  Ref  DFF        REF:/WORK/SYS_TOP/SYS_CTRL/ALU_OUT_REG_reg[6]
  Impl DFF        IMP:/WORK/SYS_TOP/SYS_CTRL/ALU_OUT_REG_reg[6]

  Ref  DFF        REF:/WORK/SYS_TOP/SYS_CTRL/ALU_OUT_REG_reg[7]
  Impl DFF        IMP:/WORK/SYS_TOP/SYS_CTRL/ALU_OUT_REG_reg[7]

  Ref  DFF        REF:/WORK/SYS_TOP/SYS_CTRL/ALU_OUT_REG_reg[8]
  Impl DFF        IMP:/WORK/SYS_TOP/SYS_CTRL/ALU_OUT_REG_reg[8]

  Ref  DFF        REF:/WORK/SYS_TOP/SYS_CTRL/ALU_OUT_REG_reg[9]
  Impl DFF        IMP:/WORK/SYS_TOP/SYS_CTRL/ALU_OUT_REG_reg[9]

  Ref  DFF        REF:/WORK/SYS_TOP/SYS_CTRL/current_state_reg[0]
  Impl DFF        IMP:/WORK/SYS_TOP/SYS_CTRL/current_state_reg[0]

  Ref  DFF        REF:/WORK/SYS_TOP/SYS_CTRL/current_state_reg[1]
  Impl DFF        IMP:/WORK/SYS_TOP/SYS_CTRL/current_state_reg[1]

  Ref  DFF        REF:/WORK/SYS_TOP/SYS_CTRL/current_state_reg[2]
  Impl DFF        IMP:/WORK/SYS_TOP/SYS_CTRL/current_state_reg[2]

  Ref  DFF        REF:/WORK/SYS_TOP/SYS_CTRL/current_state_reg[3]
  Impl DFF        IMP:/WORK/SYS_TOP/SYS_CTRL/current_state_reg[3]

  Ref  DFF        REF:/WORK/SYS_TOP/UART_RX/DUT0/current_state_reg[0]
  Impl DFF        IMP:/WORK/SYS_TOP/UART_RX/DUT0/current_state_reg[0]

  Ref  DFF        REF:/WORK/SYS_TOP/UART_RX/DUT0/current_state_reg[1]
  Impl DFF        IMP:/WORK/SYS_TOP/UART_RX/DUT0/current_state_reg[1]

  Ref  DFF        REF:/WORK/SYS_TOP/UART_RX/DUT0/current_state_reg[2]
  Impl DFF        IMP:/WORK/SYS_TOP/UART_RX/DUT0/current_state_reg[2]

  Ref  DFF        REF:/WORK/SYS_TOP/UART_RX/DUT1/bit_count_reg[0]
  Impl DFF        IMP:/WORK/SYS_TOP/UART_RX/DUT1/bit_count_reg[0]

  Ref  DFF        REF:/WORK/SYS_TOP/UART_RX/DUT1/bit_count_reg[1]
  Impl DFF        IMP:/WORK/SYS_TOP/UART_RX/DUT1/bit_count_reg[1]

  Ref  DFF        REF:/WORK/SYS_TOP/UART_RX/DUT1/bit_count_reg[2]
  Impl DFF        IMP:/WORK/SYS_TOP/UART_RX/DUT1/bit_count_reg[2]

  Ref  DFF        REF:/WORK/SYS_TOP/UART_RX/DUT1/bit_count_reg[3]
  Impl DFF        IMP:/WORK/SYS_TOP/UART_RX/DUT1/bit_count_reg[3]

  Ref  DFF        REF:/WORK/SYS_TOP/UART_RX/DUT1/edge_count_reg[0]
  Impl DFF        IMP:/WORK/SYS_TOP/UART_RX/DUT1/edge_count_reg[0]

  Ref  DFF        REF:/WORK/SYS_TOP/UART_RX/DUT1/edge_count_reg[1]
  Impl DFF        IMP:/WORK/SYS_TOP/UART_RX/DUT1/edge_count_reg[1]

  Ref  DFF        REF:/WORK/SYS_TOP/UART_RX/DUT1/edge_count_reg[2]
  Impl DFF        IMP:/WORK/SYS_TOP/UART_RX/DUT1/edge_count_reg[2]

  Ref  DFF        REF:/WORK/SYS_TOP/UART_RX/DUT1/edge_count_reg[3]
  Impl DFF        IMP:/WORK/SYS_TOP/UART_RX/DUT1/edge_count_reg[3]

  Ref  DFF        REF:/WORK/SYS_TOP/UART_RX/DUT1/edge_count_reg[4]
  Impl DFF        IMP:/WORK/SYS_TOP/UART_RX/DUT1/edge_count_reg[4]

  Ref  DFF        REF:/WORK/SYS_TOP/UART_RX/DUT2/sample_1_reg
  Impl DFF        IMP:/WORK/SYS_TOP/UART_RX/DUT2/sample_1_reg

  Ref  DFF        REF:/WORK/SYS_TOP/UART_RX/DUT2/sample_2_reg
  Impl DFF        IMP:/WORK/SYS_TOP/UART_RX/DUT2/sample_2_reg

  Ref  DFF        REF:/WORK/SYS_TOP/UART_RX/DUT2/sample_3_reg
  Impl DFF        IMP:/WORK/SYS_TOP/UART_RX/DUT2/sample_3_reg

  Ref  DFF        REF:/WORK/SYS_TOP/UART_RX/DUT3/par_bit_reg
  Impl DFF        IMP:/WORK/SYS_TOP/UART_RX/DUT3/par_bit_reg

  Ref  DFF        REF:/WORK/SYS_TOP/UART_RX/DUT3/par_error_reg
  Impl DFF        IMP:/WORK/SYS_TOP/UART_RX/DUT3/par_error_reg

  Ref  DFF        REF:/WORK/SYS_TOP/UART_RX/DUT4/str_glitch_reg
  Impl DFF        IMP:/WORK/SYS_TOP/UART_RX/DUT4/str_glitch_reg

  Ref  DFF        REF:/WORK/SYS_TOP/UART_RX/DUT5/stp_error_reg
  Impl DFF        IMP:/WORK/SYS_TOP/UART_RX/DUT5/stp_error_reg

  Ref  DFF        REF:/WORK/SYS_TOP/UART_RX/DUT6/counter_reg[0]
  Impl DFF        IMP:/WORK/SYS_TOP/UART_RX/DUT6/counter_reg[0]

  Ref  DFF        REF:/WORK/SYS_TOP/UART_RX/DUT6/counter_reg[1]
  Impl DFF        IMP:/WORK/SYS_TOP/UART_RX/DUT6/counter_reg[1]

  Ref  DFF        REF:/WORK/SYS_TOP/UART_RX/DUT6/counter_reg[2]
  Impl DFF        IMP:/WORK/SYS_TOP/UART_RX/DUT6/counter_reg[2]

  Ref  DFF        REF:/WORK/SYS_TOP/UART_RX/DUT6/counter_reg[3]
  Impl DFF        IMP:/WORK/SYS_TOP/UART_RX/DUT6/counter_reg[3]

  Ref  DFF        REF:/WORK/SYS_TOP/UART_RX/DUT6/p_data_reg[0]
  Impl DFF        IMP:/WORK/SYS_TOP/UART_RX/DUT6/p_data_reg[0]

  Ref  DFF        REF:/WORK/SYS_TOP/UART_RX/DUT6/p_data_reg[1]
  Impl DFF        IMP:/WORK/SYS_TOP/UART_RX/DUT6/p_data_reg[1]

  Ref  DFF        REF:/WORK/SYS_TOP/UART_RX/DUT6/p_data_reg[2]
  Impl DFF        IMP:/WORK/SYS_TOP/UART_RX/DUT6/p_data_reg[2]

  Ref  DFF        REF:/WORK/SYS_TOP/UART_RX/DUT6/p_data_reg[3]
  Impl DFF        IMP:/WORK/SYS_TOP/UART_RX/DUT6/p_data_reg[3]

  Ref  DFF        REF:/WORK/SYS_TOP/UART_RX/DUT6/p_data_reg[4]
  Impl DFF        IMP:/WORK/SYS_TOP/UART_RX/DUT6/p_data_reg[4]

  Ref  DFF        REF:/WORK/SYS_TOP/UART_RX/DUT6/p_data_reg[5]
  Impl DFF        IMP:/WORK/SYS_TOP/UART_RX/DUT6/p_data_reg[5]

  Ref  DFF        REF:/WORK/SYS_TOP/UART_RX/DUT6/p_data_reg[6]
  Impl DFF        IMP:/WORK/SYS_TOP/UART_RX/DUT6/p_data_reg[6]

  Ref  DFF        REF:/WORK/SYS_TOP/UART_RX/DUT6/p_data_reg[7]
  Impl DFF        IMP:/WORK/SYS_TOP/UART_RX/DUT6/p_data_reg[7]

  Ref  DFF        REF:/WORK/SYS_TOP/UART_TX/DUT0/REG_reg[0]
  Impl DFF        IMP:/WORK/SYS_TOP/UART_TX/DUT0/REG_reg[0]

  Ref  DFF        REF:/WORK/SYS_TOP/UART_TX/DUT0/REG_reg[1]
  Impl DFF        IMP:/WORK/SYS_TOP/UART_TX/DUT0/REG_reg[1]

  Ref  DFF        REF:/WORK/SYS_TOP/UART_TX/DUT0/REG_reg[2]
  Impl DFF        IMP:/WORK/SYS_TOP/UART_TX/DUT0/REG_reg[2]

  Ref  DFF        REF:/WORK/SYS_TOP/UART_TX/DUT0/REG_reg[3]
  Impl DFF        IMP:/WORK/SYS_TOP/UART_TX/DUT0/REG_reg[3]

  Ref  DFF        REF:/WORK/SYS_TOP/UART_TX/DUT0/REG_reg[4]
  Impl DFF        IMP:/WORK/SYS_TOP/UART_TX/DUT0/REG_reg[4]

  Ref  DFF        REF:/WORK/SYS_TOP/UART_TX/DUT0/REG_reg[5]
  Impl DFF        IMP:/WORK/SYS_TOP/UART_TX/DUT0/REG_reg[5]

  Ref  DFF        REF:/WORK/SYS_TOP/UART_TX/DUT0/REG_reg[6]
  Impl DFF        IMP:/WORK/SYS_TOP/UART_TX/DUT0/REG_reg[6]

  Ref  DFF        REF:/WORK/SYS_TOP/UART_TX/DUT0/REG_reg[7]
  Impl DFF        IMP:/WORK/SYS_TOP/UART_TX/DUT0/REG_reg[7]

  Ref  DFF        REF:/WORK/SYS_TOP/UART_TX/DUT0/SER_DATA_reg
  Impl DFF        IMP:/WORK/SYS_TOP/UART_TX/DUT0/SER_DATA_reg

  Ref  DFF        REF:/WORK/SYS_TOP/UART_TX/DUT0/counter_reg[0]
  Impl DFF        IMP:/WORK/SYS_TOP/UART_TX/DUT0/counter_reg[0]

  Ref  DFF        REF:/WORK/SYS_TOP/UART_TX/DUT0/counter_reg[1]
  Impl DFF        IMP:/WORK/SYS_TOP/UART_TX/DUT0/counter_reg[1]

  Ref  DFF        REF:/WORK/SYS_TOP/UART_TX/DUT0/counter_reg[2]
  Impl DFF        IMP:/WORK/SYS_TOP/UART_TX/DUT0/counter_reg[2]

  Ref  DFF        REF:/WORK/SYS_TOP/UART_TX/DUT0/counter_reg[3]
  Impl DFF        IMP:/WORK/SYS_TOP/UART_TX/DUT0/counter_reg[3]

  Ref  DFF        REF:/WORK/SYS_TOP/UART_TX/DUT1/current_state_reg[0]
  Impl DFF        IMP:/WORK/SYS_TOP/UART_TX/DUT1/current_state_reg[0]

  Ref  DFF        REF:/WORK/SYS_TOP/UART_TX/DUT1/current_state_reg[1]
  Impl DFF        IMP:/WORK/SYS_TOP/UART_TX/DUT1/current_state_reg[1]

  Ref  DFF        REF:/WORK/SYS_TOP/UART_TX/DUT1/current_state_reg[2]
  Impl DFF        IMP:/WORK/SYS_TOP/UART_TX/DUT1/current_state_reg[2]

  Ref  DFF        REF:/WORK/SYS_TOP/UART_TX/DUT2/PAR_BIT_reg
  Impl DFF        IMP:/WORK/SYS_TOP/UART_TX/DUT2/PAR_BIT_reg

  Ref  DFF        REF:/WORK/SYS_TOP/UART_TX/DUT2/REG_reg[0]
  Impl DFF        IMP:/WORK/SYS_TOP/UART_TX/DUT2/REG_reg[0]

  Ref  DFF        REF:/WORK/SYS_TOP/UART_TX/DUT2/REG_reg[1]
  Impl DFF        IMP:/WORK/SYS_TOP/UART_TX/DUT2/REG_reg[1]

  Ref  DFF        REF:/WORK/SYS_TOP/UART_TX/DUT2/REG_reg[2]
  Impl DFF        IMP:/WORK/SYS_TOP/UART_TX/DUT2/REG_reg[2]

  Ref  DFF        REF:/WORK/SYS_TOP/UART_TX/DUT2/REG_reg[3]
  Impl DFF        IMP:/WORK/SYS_TOP/UART_TX/DUT2/REG_reg[3]

  Ref  DFF        REF:/WORK/SYS_TOP/UART_TX/DUT2/REG_reg[4]
  Impl DFF        IMP:/WORK/SYS_TOP/UART_TX/DUT2/REG_reg[4]

  Ref  DFF        REF:/WORK/SYS_TOP/UART_TX/DUT2/REG_reg[5]
  Impl DFF        IMP:/WORK/SYS_TOP/UART_TX/DUT2/REG_reg[5]

  Ref  DFF        REF:/WORK/SYS_TOP/UART_TX/DUT2/REG_reg[6]
  Impl DFF        IMP:/WORK/SYS_TOP/UART_TX/DUT2/REG_reg[6]

  Ref  DFF        REF:/WORK/SYS_TOP/UART_TX/DUT2/REG_reg[7]
  Impl DFF        IMP:/WORK/SYS_TOP/UART_TX/DUT2/REG_reg[7]

  Ref  Port       REF:/WORK/SYS_TOP/BUSY
  Impl Port       IMP:/WORK/SYS_TOP/BUSY

  Ref  Port       REF:/WORK/SYS_TOP/PARITY_ERROR
  Impl Port       IMP:/WORK/SYS_TOP/PARITY_ERROR

  Ref  Port       REF:/WORK/SYS_TOP/STOP_ERROR
  Impl Port       IMP:/WORK/SYS_TOP/STOP_ERROR

  Ref  Port       REF:/WORK/SYS_TOP/TX_OUT
  Impl Port       IMP:/WORK/SYS_TOP/TX_OUT

 [BBNet: multiply-driven net
  BBPin: black-box pin
  Cut:   cut-point
  DFF:   non-constant DFF register
  DFF0:  constant 0 DFF register
  DFF1:  constant 1 DFF register
  DFFX:  constant X DFF register
  DFF0X: constrained 0X DFF register
  DFF1X: constrained 1X DFF register
  LAT:   non-constant latch register
  LAT0:  constant 0 latch register
  LAT1:  constant 1 latch register
  LATX:  constant X latch register
  LAT0X: constrained 0X latch register
  LAT1X: constrained 1X latch register
  LATCG: clock-gating latch register
  TLA:   transparent latch register
  TLA0X: transparent constrained 0X latch register
  TLA1X: transparent constrained 1X latch register
  Loop:  cycle break point
  Port:  primary (top-level) port
  Und:   undriven signal cut-point
  Unk:   unknown signal cut-point]

1
